<?xml version="1.0" encoding="UTF-8"?>
<testsuite name="com.company.plsql.JSRJSDCheckTest" tests="1" skipped="0" failures="0" errors="0" timestamp="2023-10-10T19:43:30" hostname="CPC-ShivaKum-7Y" time="0.069">
  <properties/>
  <testcase name="testJSRJSDCheckOnTables()" classname="com.company.plsql.JSRJSDCheckTest" time="0.069"/>
  <system-out><![CDATA[]]></system-out>
  <system-err><![CDATA[Oct 10, 2023 3:43:30 PM com.company.plsql.JSRJSDCheck init
INFO: Subscribed to CREATE_TABLE nodes for JSR/JSD Check
Oct 10, 2023 3:43:30 PM com.company.plsql.JSRJSDCheck visitNode
INFO: Visiting a CREATE_TABLE node for JSR/JSD Check
Oct 10, 2023 3:43:30 PM com.company.plsql.JSRJSDCheck visitNode
INFO: Evaluating table name for JSR/JSD Check at line 4: JSR_MY_TABLE
Oct 10, 2023 3:43:30 PM com.company.plsql.JSRJSDCheck visitNode
WARNING: Line #4: Table names should not start with JSR or JSD.
Oct 10, 2023 3:43:30 PM com.company.plsql.JSRJSDCheck visitNode
INFO: Visiting a CREATE_TABLE node for JSR/JSD Check
Oct 10, 2023 3:43:30 PM com.company.plsql.JSRJSDCheck visitNode
INFO: Evaluating table name for JSR/JSD Check at line 7: VALID_TABLE_1
Oct 10, 2023 3:43:30 PM com.company.plsql.JSRJSDCheck visitNode
INFO: Visiting a CREATE_TABLE node for JSR/JSD Check
Oct 10, 2023 3:43:30 PM com.company.plsql.JSRJSDCheck visitNode
INFO: Evaluating table name for JSR/JSD Check at line 10: JSD_MY_JSD_TABLE
Oct 10, 2023 3:43:30 PM com.company.plsql.JSRJSDCheck visitNode
WARNING: Line #10: Table names should not start with JSR or JSD.
Oct 10, 2023 3:43:30 PM com.company.plsql.JSRJSDCheck visitNode
INFO: Visiting a CREATE_TABLE node for JSR/JSD Check
Oct 10, 2023 3:43:30 PM com.company.plsql.JSRJSDCheck visitNode
INFO: Evaluating table name for JSR/JSD Check at line 13: VALID_TABLE_2
Oct 10, 2023 3:43:30 PM com.company.plsql.JSRJSDCheck visitNode
INFO: Visiting a CREATE_TABLE node for JSR/JSD Check
Oct 10, 2023 3:43:30 PM com.company.plsql.JSRJSDCheck visitNode
INFO: Evaluating table name for JSR/JSD Check at line 16: ANOTHER_VALID_TABLE
Oct 10, 2023 3:43:30 PM com.company.plsql.JSRJSDCheck visitNode
INFO: Visiting a CREATE_TABLE node for JSR/JSD Check
Oct 10, 2023 3:43:30 PM com.company.plsql.JSRJSDCheck visitNode
INFO: Evaluating table name for JSR/JSD Check at line 19: JSR_ANOTHER_TABLE
Oct 10, 2023 3:43:30 PM com.company.plsql.JSRJSDCheck visitNode
WARNING: Line #19: Table names should not start with JSR or JSD.
]]></system-err>
</testsuite>
