<?xml version="1.0" encoding="UTF-8"?>
<testsuite name="com.company.plsql.SchemaValidationCheckTest" tests="1" skipped="0" failures="0" errors="0" timestamp="2023-11-09T16:35:13" hostname="CPC-ShivaKum-7Y" time="0.078">
  <properties/>
  <testcase name="testSchemaValidationOnSqlFiles()" classname="com.company.plsql.SchemaValidationCheckTest" time="0.078"/>
  <system-out><![CDATA[]]></system-out>
  <system-err><![CDATA[Nov 09, 2023 11:35:13 AM com.company.plsql.SchemaValidationCheck handleSqlOperation
INFO: Starting handleSqlOperation for node: CREATE_TABLE tokenValue='CREATE' tokenLine=7 tokenColumn=0
Nov 09, 2023 11:35:13 AM com.company.plsql.SchemaValidationCheck handleSqlOperation
INFO: Schema name derived from tableNameChildren: DB
Nov 09, 2023 11:35:13 AM com.company.plsql.SchemaValidationCheck handleSqlOperation
INFO: Evaluating for schema validation at line 7
Nov 09, 2023 11:35:13 AM com.company.plsql.SchemaValidationCheck handleSqlOperation
INFO: tableNameNode: DB
Nov 09, 2023 11:35:13 AM com.company.plsql.SchemaValidationCheck handleSqlOperation
INFO: Schema from tableNameNode: DB
Nov 09, 2023 11:35:13 AM com.company.plsql.SchemaValidationCheck handleSqlOperation
INFO: Issue added with message: Schema 'DB' does not match the approved schemas at Line #7.
Nov 09, 2023 11:35:13 AM com.company.plsql.SchemaValidationCheck handleSqlOperation
INFO: Finished handleSqlOperation for node: CREATE_TABLE tokenValue='CREATE' tokenLine=7 tokenColumn=0
Nov 09, 2023 11:35:13 AM com.company.plsql.SchemaValidationCheck handleSqlOperation
INFO: Starting handleSqlOperation for node: CREATE_TABLE tokenValue='CREATE' tokenLine=10 tokenColumn=0
Nov 09, 2023 11:35:13 AM com.company.plsql.SchemaValidationCheck handleSqlOperation
INFO: Schema name derived from tableNameChildren: DAD
Nov 09, 2023 11:35:13 AM com.company.plsql.SchemaValidationCheck handleSqlOperation
INFO: Evaluating for schema validation at line 10
Nov 09, 2023 11:35:13 AM com.company.plsql.SchemaValidationCheck handleSqlOperation
INFO: tableNameNode: DAD
Nov 09, 2023 11:35:13 AM com.company.plsql.SchemaValidationCheck handleSqlOperation
INFO: Schema from tableNameNode: DAD
Nov 09, 2023 11:35:13 AM com.company.plsql.SchemaValidationCheck handleSqlOperation
INFO: Issue added with message: Schema 'DAD' does not match the approved schemas at Line #10.
Nov 09, 2023 11:35:13 AM com.company.plsql.SchemaValidationCheck handleSqlOperation
INFO: Finished handleSqlOperation for node: CREATE_TABLE tokenValue='CREATE' tokenLine=10 tokenColumn=0
Nov 09, 2023 11:35:13 AM com.company.plsql.SchemaValidationCheck handleSqlOperation
INFO: Starting handleSqlOperation for node: CREATE_TABLE tokenValue='CREATE' tokenLine=13 tokenColumn=0
Nov 09, 2023 11:35:13 AM com.company.plsql.SchemaValidationCheck handleSqlOperation
INFO: tableNameChildren does not contain schema and table structure.
Nov 09, 2023 11:35:13 AM com.company.plsql.SchemaValidationCheck handleSqlOperation
INFO: Evaluating for schema validation at line 13
Nov 09, 2023 11:35:13 AM com.company.plsql.SchemaValidationCheck handleSqlOperation
INFO: tableNameNode: test_table
Nov 09, 2023 11:35:13 AM com.company.plsql.SchemaValidationCheck handleSqlOperation
INFO: Schema from tableNameNode: none provided
Nov 09, 2023 11:35:13 AM com.company.plsql.SchemaValidationCheck handleSqlOperation
INFO: Issue added with message: No schema is being used here at Line #13.
Nov 09, 2023 11:35:13 AM com.company.plsql.SchemaValidationCheck handleSqlOperation
INFO: Finished handleSqlOperation for node: CREATE_TABLE tokenValue='CREATE' tokenLine=13 tokenColumn=0
Nov 09, 2023 11:35:13 AM com.company.plsql.SchemaValidationCheck handleSqlOperation
INFO: Starting handleSqlOperation for node: ALTER_TABLE tokenValue='ALTER' tokenLine=16 tokenColumn=0
Nov 09, 2023 11:35:13 AM com.company.plsql.SchemaValidationCheck handleSqlOperation
INFO: Schema name derived from tableNameChildren: DA
Nov 09, 2023 11:35:13 AM com.company.plsql.SchemaValidationCheck handleSqlOperation
INFO: Evaluating for schema validation at line 16
Nov 09, 2023 11:35:13 AM com.company.plsql.SchemaValidationCheck handleSqlOperation
INFO: tableNameNode: DA
Nov 09, 2023 11:35:13 AM com.company.plsql.SchemaValidationCheck handleSqlOperation
INFO: Schema from tableNameNode: DA
Nov 09, 2023 11:35:13 AM com.company.plsql.SchemaValidationCheck handleSqlOperation
INFO: Schema matches approved schema. No issues added.
Nov 09, 2023 11:35:13 AM com.company.plsql.SchemaValidationCheck handleSqlOperation
INFO: Finished handleSqlOperation for node: ALTER_TABLE tokenValue='ALTER' tokenLine=16 tokenColumn=0
Nov 09, 2023 11:35:13 AM com.company.plsql.SchemaValidationCheck handleSqlOperation
INFO: Starting handleSqlOperation for node: CREATE_TABLE tokenValue='CREATE' tokenLine=28 tokenColumn=0
Nov 09, 2023 11:35:13 AM com.company.plsql.SchemaValidationCheck handleSqlOperation
INFO: tableNameChildren does not contain schema and table structure.
Nov 09, 2023 11:35:13 AM com.company.plsql.SchemaValidationCheck handleSqlOperation
INFO: Evaluating for schema validation at line 28
Nov 09, 2023 11:35:13 AM com.company.plsql.SchemaValidationCheck handleSqlOperation
INFO: tableNameNode: just_table
Nov 09, 2023 11:35:13 AM com.company.plsql.SchemaValidationCheck handleSqlOperation
INFO: Schema from tableNameNode: none provided
Nov 09, 2023 11:35:13 AM com.company.plsql.SchemaValidationCheck handleSqlOperation
INFO: Issue added with message: No schema is being used here at Line #28.
Nov 09, 2023 11:35:13 AM com.company.plsql.SchemaValidationCheck handleSqlOperation
INFO: Finished handleSqlOperation for node: CREATE_TABLE tokenValue='CREATE' tokenLine=28 tokenColumn=0
Nov 09, 2023 11:35:13 AM com.company.plsql.SchemaValidationCheck handleSqlOperation
INFO: Starting handleSqlOperation for node: ALTER_TABLE tokenValue='ALTER' tokenLine=29 tokenColumn=0
Nov 09, 2023 11:35:13 AM com.company.plsql.SchemaValidationCheck handleSqlOperation
INFO: Schema name derived from tableNameChildren: DB
Nov 09, 2023 11:35:13 AM com.company.plsql.SchemaValidationCheck handleSqlOperation
INFO: Evaluating for schema validation at line 29
Nov 09, 2023 11:35:13 AM com.company.plsql.SchemaValidationCheck handleSqlOperation
INFO: tableNameNode: DB
Nov 09, 2023 11:35:13 AM com.company.plsql.SchemaValidationCheck handleSqlOperation
INFO: Schema from tableNameNode: DB
Nov 09, 2023 11:35:13 AM com.company.plsql.SchemaValidationCheck handleSqlOperation
INFO: Issue added with message: Schema 'DB' does not match the approved schemas at Line #29.
Nov 09, 2023 11:35:13 AM com.company.plsql.SchemaValidationCheck handleSqlOperation
INFO: Finished handleSqlOperation for node: ALTER_TABLE tokenValue='ALTER' tokenLine=29 tokenColumn=0
Nov 09, 2023 11:35:13 AM com.company.plsql.SchemaValidationCheck handleSqlOperation
INFO: Starting handleSqlOperation for node: ALTER_TABLE tokenValue='ALTER' tokenLine=30 tokenColumn=0
Nov 09, 2023 11:35:13 AM com.company.plsql.SchemaValidationCheck handleSqlOperation
INFO: Schema name derived from tableNameChildren: DB
Nov 09, 2023 11:35:13 AM com.company.plsql.SchemaValidationCheck handleSqlOperation
INFO: Evaluating for schema validation at line 30
Nov 09, 2023 11:35:13 AM com.company.plsql.SchemaValidationCheck handleSqlOperation
INFO: tableNameNode: DB
Nov 09, 2023 11:35:13 AM com.company.plsql.SchemaValidationCheck handleSqlOperation
INFO: Schema from tableNameNode: DB
Nov 09, 2023 11:35:13 AM com.company.plsql.SchemaValidationCheck handleSqlOperation
INFO: Issue added with message: Schema 'DB' does not match the approved schemas at Line #30.
Nov 09, 2023 11:35:13 AM com.company.plsql.SchemaValidationCheck handleSqlOperation
INFO: Finished handleSqlOperation for node: ALTER_TABLE tokenValue='ALTER' tokenLine=30 tokenColumn=0
]]></system-err>
</testsuite>
