<?xml version="1.0" encoding="UTF-8"?>
<testsuite name="com.company.plsql.TableNameConventionCheckTest" tests="1" skipped="0" failures="0" errors="0" timestamp="2023-11-09T16:35:13" hostname="CPC-ShivaKum-7Y" time="0.03">
  <properties/>
  <testcase name="testTableNameConvention()" classname="com.company.plsql.TableNameConventionCheckTest" time="0.03"/>
  <system-out><![CDATA[]]></system-out>
  <system-err><![CDATA[Nov 09, 2023 11:35:13 AM com.company.plsql.TableNameConventionCheck init
INFO: Subscribed to CREATE_TABLE nodes for TableNameConventionCheck
Nov 09, 2023 11:35:13 AM com.company.plsql.TableNameConventionCheck visitNode
INFO: Evaluating table name convention at line 2. Schema: DA, Table: AP_MY_TABLE_TN
Nov 09, 2023 11:35:13 AM com.company.plsql.TableNameConventionCheck visitNode
INFO: Evaluating table name convention at line 3. Schema: default, Table: TMP_MY_TABLE_TEMP
Nov 09, 2023 11:35:13 AM com.company.plsql.TableNameConventionCheck visitNode
INFO: Evaluating table name convention at line 8. Schema: default, Table: INVALIDPREFIX_MY_TABLE_TN
Nov 09, 2023 11:35:13 AM com.company.plsql.TableNameConventionCheck visitNode
WARNING: Invalid table name prefix at Line #8.
Nov 09, 2023 11:35:13 AM com.company.plsql.TableNameConventionCheck visitNode
INFO: Evaluating table name convention at line 11. Schema: default, Table: AP_MY_TABLE_INVALIDSUFFIX
Nov 09, 2023 11:35:13 AM com.company.plsql.TableNameConventionCheck visitNode
WARNING: Invalid table name suffix at Line #11.
Nov 09, 2023 11:35:13 AM com.company.plsql.TableNameConventionCheck visitNode
INFO: Evaluating table name convention at line 14. Schema: default, Table: INVALIDTMP_MY_TABLE_TMP
Nov 09, 2023 11:35:13 AM com.company.plsql.TableNameConventionCheck visitNode
WARNING: Table name found with invalid prefix and suffix at Line #14.
Nov 09, 2023 11:35:13 AM com.company.plsql.TableNameConventionCheck visitNode
INFO: Evaluating table name convention at line 17. Schema: default, Table: TMP_MY_TABLE_INVALID
Nov 09, 2023 11:35:13 AM com.company.plsql.TableNameConventionCheck visitNode
WARNING: Invalid TMP suffix for the table name at Line #17.
Nov 09, 2023 11:35:13 AM com.company.plsql.TableNameConventionCheck visitNode
INFO: Evaluating table name convention at line 20. Schema: default, Table: INVALIDTMP_MY_TABLE_TX
Nov 09, 2023 11:35:13 AM com.company.plsql.TableNameConventionCheck visitNode
WARNING: Table name found with invalid prefix and suffix at Line #20.
]]></system-err>
</testsuite>
