<?xml version="1.0" encoding="UTF-8"?>
<testsuite name="com.company.plsql.ColumnDataTypeCheckTest" tests="1" skipped="0" failures="0" errors="0" timestamp="2023-11-09T16:35:13" hostname="CPC-ShivaKum-7Y" time="0.357">
  <properties/>
  <testcase name="shouldIdentifySpecialityAndUnapprovedDataTypes()" classname="com.company.plsql.ColumnDataTypeCheckTest" time="0.357"/>
  <system-out><![CDATA[]]></system-out>
  <system-err><![CDATA[Nov 09, 2023 11:35:13 AM com.company.plsql.ColumnDATATYPECheck init
INFO: Subscribed to TABLE_COLUMN_DEFINITION nodes for DataType Check
Nov 09, 2023 11:35:13 AM com.company.plsql.ColumnDATATYPECheck visitNode
INFO: Starting the visit for TABLE_COLUMN_DEFINITION node.
Nov 09, 2023 11:35:13 AM com.company.plsql.ColumnDATATYPECheck visitNode
INFO: DataType value: NUMBER
Nov 09, 2023 11:35:13 AM com.company.plsql.ColumnDATATYPECheck visitNode
INFO: DataType is regular. No action needed.
Nov 09, 2023 11:35:13 AM com.company.plsql.ColumnDATATYPECheck visitNode
INFO: Starting the visit for TABLE_COLUMN_DEFINITION node.
Nov 09, 2023 11:35:13 AM com.company.plsql.ColumnDATATYPECheck visitNode
INFO: DataType value: VARCHAR2
Nov 09, 2023 11:35:13 AM com.company.plsql.ColumnDATATYPECheck visitNode
INFO: DataType is regular. No action needed.
Nov 09, 2023 11:35:13 AM com.company.plsql.ColumnDATATYPECheck visitNode
INFO: Starting the visit for TABLE_COLUMN_DEFINITION node.
Nov 09, 2023 11:35:13 AM com.company.plsql.ColumnDATATYPECheck visitNode
INFO: DataType value: DATE
Nov 09, 2023 11:35:13 AM com.company.plsql.ColumnDATATYPECheck visitNode
INFO: DataType is regular. No action needed.
Nov 09, 2023 11:35:13 AM com.company.plsql.ColumnDATATYPECheck visitNode
INFO: Starting the visit for TABLE_COLUMN_DEFINITION node.
Nov 09, 2023 11:35:13 AM com.company.plsql.ColumnDATATYPECheck visitNode
INFO: DataType value: CLOB
Nov 09, 2023 11:35:13 AM com.company.plsql.ColumnDATATYPECheck visitNode
INFO: DataType is specialty. Adding issue.
Nov 09, 2023 11:35:13 AM com.company.plsql.ColumnDATATYPECheck visitNode
INFO: Starting the visit for TABLE_COLUMN_DEFINITION node.
Nov 09, 2023 11:35:13 AM com.company.plsql.ColumnDATATYPECheck visitNode
INFO: DataType value: NUMBER
Nov 09, 2023 11:35:13 AM com.company.plsql.ColumnDATATYPECheck visitNode
INFO: DataType is regular. No action needed.
Nov 09, 2023 11:35:13 AM com.company.plsql.ColumnDATATYPECheck visitNode
INFO: Starting the visit for TABLE_COLUMN_DEFINITION node.
Nov 09, 2023 11:35:13 AM com.company.plsql.ColumnDATATYPECheck visitNode
INFO: DataType value: VARCHAR2
Nov 09, 2023 11:35:13 AM com.company.plsql.ColumnDATATYPECheck visitNode
INFO: DataType is regular. No action needed.
Nov 09, 2023 11:35:13 AM com.company.plsql.ColumnDATATYPECheck visitNode
INFO: Starting the visit for TABLE_COLUMN_DEFINITION node.
Nov 09, 2023 11:35:13 AM com.company.plsql.ColumnDATATYPECheck visitNode
INFO: DataType value: BLOB
Nov 09, 2023 11:35:13 AM com.company.plsql.ColumnDATATYPECheck visitNode
INFO: DataType is specialty. Adding issue.
Nov 09, 2023 11:35:13 AM com.company.plsql.ColumnDATATYPECheck visitNode
INFO: Starting the visit for TABLE_COLUMN_DEFINITION node.
Nov 09, 2023 11:35:13 AM com.company.plsql.ColumnDATATYPECheck visitNode
INFO: DataType value: TIMESTAMP
Nov 09, 2023 11:35:13 AM com.company.plsql.ColumnDATATYPECheck visitNode
INFO: DataType is specialty. Adding issue.
Nov 09, 2023 11:35:13 AM com.company.plsql.ColumnDATATYPECheck visitNode
INFO: Starting the visit for TABLE_COLUMN_DEFINITION node.
Nov 09, 2023 11:35:13 AM com.company.plsql.ColumnDATATYPECheck visitNode
INFO: DataType value: RAW
Nov 09, 2023 11:35:13 AM com.company.plsql.ColumnDATATYPECheck visitNode
INFO: DataType is specialty. Adding issue.
Nov 09, 2023 11:35:13 AM com.company.plsql.ColumnDATATYPECheck visitNode
INFO: Starting the visit for TABLE_COLUMN_DEFINITION node.
Nov 09, 2023 11:35:13 AM com.company.plsql.ColumnDATATYPECheck visitNode
INFO: DataType value: NUMBER
Nov 09, 2023 11:35:13 AM com.company.plsql.ColumnDATATYPECheck visitNode
INFO: DataType is regular. No action needed.
Nov 09, 2023 11:35:13 AM com.company.plsql.ColumnDATATYPECheck visitNode
INFO: Starting the visit for TABLE_COLUMN_DEFINITION node.
Nov 09, 2023 11:35:13 AM com.company.plsql.ColumnDATATYPECheck visitNode
INFO: DataType value: VARCHAR2
Nov 09, 2023 11:35:13 AM com.company.plsql.ColumnDATATYPECheck visitNode
INFO: DataType is regular. No action needed.
Nov 09, 2023 11:35:13 AM com.company.plsql.ColumnDATATYPECheck visitNode
INFO: Starting the visit for TABLE_COLUMN_DEFINITION node.
Nov 09, 2023 11:35:13 AM com.company.plsql.ColumnDATATYPECheck visitNode
INFO: DataType value: DATE
Nov 09, 2023 11:35:13 AM com.company.plsql.ColumnDATATYPECheck visitNode
INFO: DataType is regular. No action needed.
]]></system-err>
</testsuite>
