<?xml version="1.0" encoding="UTF-8"?>
<testsuite name="com.company.plsql.TableNameMaxLengthCheckTest" tests="1" skipped="0" failures="0" errors="0" timestamp="2023-10-12T20:47:55" hostname="CPC-ShivaKum-7Y" time="0.021">
  <properties/>
  <testcase name="testTableNameLengthCheck()" classname="com.company.plsql.TableNameMaxLengthCheckTest" time="0.021"/>
  <system-out><![CDATA[]]></system-out>
  <system-err><![CDATA[Oct 12, 2023 4:47:55 PM com.company.plsql.TableNameMaxLengthCheck init
INFO: Subscribed to CREATE_TABLE nodes for TableNameMaxLengthCheck
Oct 12, 2023 4:47:55 PM com.company.plsql.TableNameMaxLengthCheck visitNode
INFO: Visiting a CREATE_TABLE node for TableNameMaxLengthCheck
Oct 12, 2023 4:47:55 PM com.company.plsql.TableNameMaxLengthCheck visitNode
INFO: Evaluating table name for maximum allowed length of characters check at line 2: VALID_TABLE_NAME
Oct 12, 2023 4:47:55 PM com.company.plsql.TableNameMaxLengthCheck visitNode
INFO: Visiting a CREATE_TABLE node for TableNameMaxLengthCheck
Oct 12, 2023 4:47:55 PM com.company.plsql.TableNameMaxLengthCheck visitNode
INFO: Evaluating table name for maximum allowed length of characters check at line 5: AN_EXCEPTIONALLY_LONG_TABLE_NAME_EXCEEDING_LIMIT
Oct 12, 2023 4:47:55 PM com.company.plsql.TableNameMaxLengthCheck visitNode
WARNING: Table name exceeds 30 characters length at Line #5.
Oct 12, 2023 4:47:55 PM com.company.plsql.TableNameMaxLengthCheck visitNode
INFO: Visiting a CREATE_TABLE node for TableNameMaxLengthCheck
Oct 12, 2023 4:47:55 PM com.company.plsql.TableNameMaxLengthCheck visitNode
INFO: Evaluating table name for maximum allowed length of characters check at line 8: ANOTHER_TABLE_NAME_THAT_IS_TOO_LONG_FOR_LIMIT
Oct 12, 2023 4:47:55 PM com.company.plsql.TableNameMaxLengthCheck visitNode
WARNING: Table name exceeds 30 characters length at Line #8.
Oct 12, 2023 4:47:55 PM com.company.plsql.TableNameMaxLengthCheck visitNode
INFO: Visiting a CREATE_TABLE node for TableNameMaxLengthCheck
Oct 12, 2023 4:47:55 PM com.company.plsql.TableNameMaxLengthCheck visitNode
INFO: Evaluating table name for maximum allowed length of characters check at line 11: YET_ANOTHER_OVERLY_LENGTHY_TABLE_NAME_HERE
Oct 12, 2023 4:47:55 PM com.company.plsql.TableNameMaxLengthCheck visitNode
WARNING: Table name exceeds 30 characters length at Line #11.
Oct 12, 2023 4:47:55 PM com.company.plsql.TableNameMaxLengthCheck visitNode
INFO: Visiting a CREATE_TABLE node for TableNameMaxLengthCheck
Oct 12, 2023 4:47:55 PM com.company.plsql.TableNameMaxLengthCheck visitNode
INFO: Evaluating table name for maximum allowed length of characters check at line 14: ANOTHER_VALID_NAME
]]></system-err>
</testsuite>
