<?xml version="1.0" encoding="UTF-8"?>
<testsuite name="com.company.plsql.PlSqlCustomRulesDefinitionTest" tests="1" skipped="0" failures="0" errors="0" timestamp="2024-01-25T13:15:56" hostname="CPC-ShivaKum-7Y" time="0.013">
  <properties/>
  <testcase name="test()" classname="com.company.plsql.PlSqlCustomRulesDefinitionTest" time="0.013"/>
  <system-out><![CDATA[]]></system-out>
  <system-err><![CDATA[]]></system-err>
</testsuite>
