<?xml version="1.0" encoding="UTF-8"?>
<testsuite name="com.company.plsql.PreventPublicSynonymCheckTest" tests="1" skipped="0" failures="0" errors="0" timestamp="2024-01-25T13:15:56" hostname="CPC-ShivaKum-7Y" time="0.019">
  <properties/>
  <testcase name="testPreventPublicSynonymCheck()" classname="com.company.plsql.PreventPublicSynonymCheckTest" time="0.019"/>
  <system-out><![CDATA[]]></system-out>
  <system-err><![CDATA[Jan 25, 2024 8:15:56 AM com.company.plsql.PreventPublicSynonymCheck init
INFO: Subscribed to CREATE_SYNONYM nodes for PreventPublicSynonymCheck
Jan 25, 2024 8:15:56 AM com.company.plsql.PreventPublicSynonymCheck visitNode
INFO: Visiting a node for PreventPublicSynonymCheck
Jan 25, 2024 8:15:56 AM com.company.plsql.PreventPublicSynonymCheck visitNode
INFO: PUBLIC SYNONYM found at line 4
Jan 25, 2024 8:15:56 AM com.company.plsql.PreventPublicSynonymCheck visitNode
WARNING: PUBLIC SYNONYM for CMiC object found at Line #4.
Jan 25, 2024 8:15:56 AM com.company.plsql.PreventPublicSynonymCheck visitNode
INFO: Visiting a node for PreventPublicSynonymCheck
Jan 25, 2024 8:15:56 AM com.company.plsql.PreventPublicSynonymCheck visitNode
INFO: PUBLIC SYNONYM found at line 7
Jan 25, 2024 8:15:56 AM com.company.plsql.PreventPublicSynonymCheck visitNode
WARNING: PUBLIC SYNONYM for CMiC object found at Line #7.
Jan 25, 2024 8:15:56 AM com.company.plsql.PreventPublicSynonymCheck visitNode
INFO: Visiting a node for PreventPublicSynonymCheck
Jan 25, 2024 8:15:56 AM com.company.plsql.PreventPublicSynonymCheck visitNode
INFO: Visiting a node for PreventPublicSynonymCheck
Jan 25, 2024 8:15:56 AM com.company.plsql.PreventPublicSynonymCheck visitNode
INFO: PUBLIC SYNONYM found at line 13
Jan 25, 2024 8:15:56 AM com.company.plsql.PreventPublicSynonymCheck visitNode
WARNING: PUBLIC SYNONYM for CMiC object found at Line #13.
]]></system-err>
</testsuite>
