<?xml version="1.0" encoding="UTF-8"?>
<testsuite name="com.company.plsql.PlSqlCustomRulesDefinitionTest" tests="1" skipped="0" failures="0" errors="0" timestamp="2023-09-27T13:15:47" hostname="CPC-ShivaKum-7Y" time="0.016">
  <properties/>
  <testcase name="test()" classname="com.company.plsql.PlSqlCustomRulesDefinitionTest" time="0.016"/>
  <system-out><![CDATA[]]></system-out>
  <system-err><![CDATA[]]></system-err>
</testsuite>
