<?xml version="1.0" encoding="UTF-8"?>
<testsuite name="com.company.plsql.ForbiddenDmlCheckTest" tests="1" skipped="0" failures="0" errors="0" timestamp="2023-10-20T02:44:26" hostname="CPC-ShivaKum-7Y" time="0.278">
  <properties/>
  <testcase name="test()" classname="com.company.plsql.ForbiddenDmlCheckTest" time="0.278"/>
  <system-out><![CDATA[]]></system-out>
  <system-err><![CDATA[]]></system-err>
</testsuite>
