<?xml version="1.0" encoding="UTF-8"?>
<testsuite name="com.company.plsql.SchemaValidationCheckTest" tests="1" skipped="0" failures="0" errors="0" timestamp="2023-10-25T18:55:52" hostname="CPC-ShivaKum-7Y" time="0.039">
  <properties/>
  <testcase name="testSchemaValidationOnSqlFiles()" classname="com.company.plsql.SchemaValidationCheckTest" time="0.039"/>
  <system-out><![CDATA[]]></system-out>
  <system-err><![CDATA[Oct 25, 2023 2:55:52 PM com.company.plsql.SchemaValidationCheck handleTableCreation
INFO: Starting handleTableCreation for node: CREATE_TABLE tokenValue='CREATE' tokenLine=7 tokenColumn=0
Oct 25, 2023 2:55:52 PM com.company.plsql.SchemaValidationCheck handleTableCreation
INFO: Schema name derived from tableNameChildren: DB
Oct 25, 2023 2:55:52 PM com.company.plsql.SchemaValidationCheck handleTableCreation
INFO: Evaluating for schema validation at line 7
Oct 25, 2023 2:55:52 PM com.company.plsql.SchemaValidationCheck handleTableCreation
INFO: tableNameNode: DB
Oct 25, 2023 2:55:52 PM com.company.plsql.SchemaValidationCheck handleTableCreation
INFO: Schema from tableNameNode: DB
Oct 25, 2023 2:55:52 PM com.company.plsql.SchemaValidationCheck handleTableCreation
INFO: Issue added with message: Schema 'DB' does not match the approved schemas at Line #7.
Oct 25, 2023 2:55:52 PM com.company.plsql.SchemaValidationCheck handleTableCreation
INFO: Finished handleTableCreation for node: CREATE_TABLE tokenValue='CREATE' tokenLine=7 tokenColumn=0
Oct 25, 2023 2:55:52 PM com.company.plsql.SchemaValidationCheck handleTableCreation
INFO: Starting handleTableCreation for node: CREATE_TABLE tokenValue='CREATE' tokenLine=10 tokenColumn=0
Oct 25, 2023 2:55:52 PM com.company.plsql.SchemaValidationCheck handleTableCreation
INFO: Schema name derived from tableNameChildren: DAD
Oct 25, 2023 2:55:52 PM com.company.plsql.SchemaValidationCheck handleTableCreation
INFO: Evaluating for schema validation at line 10
Oct 25, 2023 2:55:52 PM com.company.plsql.SchemaValidationCheck handleTableCreation
INFO: tableNameNode: DAD
Oct 25, 2023 2:55:52 PM com.company.plsql.SchemaValidationCheck handleTableCreation
INFO: Schema from tableNameNode: DAD
Oct 25, 2023 2:55:52 PM com.company.plsql.SchemaValidationCheck handleTableCreation
INFO: Issue added with message: Schema 'DAD' does not match the approved schemas at Line #10.
Oct 25, 2023 2:55:52 PM com.company.plsql.SchemaValidationCheck handleTableCreation
INFO: Finished handleTableCreation for node: CREATE_TABLE tokenValue='CREATE' tokenLine=10 tokenColumn=0
Oct 25, 2023 2:55:52 PM com.company.plsql.SchemaValidationCheck handleTableCreation
INFO: Starting handleTableCreation for node: CREATE_TABLE tokenValue='CREATE' tokenLine=13 tokenColumn=0
Oct 25, 2023 2:55:52 PM com.company.plsql.SchemaValidationCheck handleTableCreation
INFO: tableNameChildren does not contain schema and table structure.
Oct 25, 2023 2:55:52 PM com.company.plsql.SchemaValidationCheck handleTableCreation
INFO: Evaluating for schema validation at line 13
Oct 25, 2023 2:55:52 PM com.company.plsql.SchemaValidationCheck handleTableCreation
INFO: tableNameNode: test_table
Oct 25, 2023 2:55:52 PM com.company.plsql.SchemaValidationCheck handleTableCreation
INFO: Schema from tableNameNode: none provided
Oct 25, 2023 2:55:52 PM com.company.plsql.SchemaValidationCheck handleTableCreation
INFO: Issue added with message: No schema is being used here at Line #13.
Oct 25, 2023 2:55:52 PM com.company.plsql.SchemaValidationCheck handleTableCreation
INFO: Finished handleTableCreation for node: CREATE_TABLE tokenValue='CREATE' tokenLine=13 tokenColumn=0
Oct 25, 2023 2:55:52 PM com.company.plsql.SchemaValidationCheck handleTableCreation
INFO: Starting handleTableCreation for node: CREATE_TABLE tokenValue='CREATE' tokenLine=28 tokenColumn=0
Oct 25, 2023 2:55:52 PM com.company.plsql.SchemaValidationCheck handleTableCreation
INFO: tableNameChildren does not contain schema and table structure.
Oct 25, 2023 2:55:52 PM com.company.plsql.SchemaValidationCheck handleTableCreation
INFO: Evaluating for schema validation at line 28
Oct 25, 2023 2:55:52 PM com.company.plsql.SchemaValidationCheck handleTableCreation
INFO: tableNameNode: just_table
Oct 25, 2023 2:55:52 PM com.company.plsql.SchemaValidationCheck handleTableCreation
INFO: Schema from tableNameNode: none provided
Oct 25, 2023 2:55:52 PM com.company.plsql.SchemaValidationCheck handleTableCreation
INFO: Issue added with message: No schema is being used here at Line #28.
Oct 25, 2023 2:55:52 PM com.company.plsql.SchemaValidationCheck handleTableCreation
INFO: Finished handleTableCreation for node: CREATE_TABLE tokenValue='CREATE' tokenLine=28 tokenColumn=0
]]></system-err>
</testsuite>
