<?xml version="1.0" encoding="UTF-8"?>
<testsuite name="com.company.plsql.PlSqlCustomRulesDefinitionTest" tests="1" skipped="0" failures="0" errors="0" timestamp="2023-10-10T19:17:49" hostname="CPC-ShivaKum-7Y" time="0.011">
  <properties/>
  <testcase name="test()" classname="com.company.plsql.PlSqlCustomRulesDefinitionTest" time="0.011"/>
  <system-out><![CDATA[]]></system-out>
  <system-err><![CDATA[]]></system-err>
</testsuite>
